<?xml version="1.0" encoding="UTF-8"?>
<testsuite name="ParserTest" tests="1" skipped="0" failures="0" errors="0" timestamp="2024-04-24T16:09:01" hostname="AMIRALI" time="0.046">
  <properties/>
  <testcase name="testSortByName()" classname="ParserTest" time="0.046"/>
  <system-out><![CDATA[]]></system-out>
  <system-err><![CDATA[]]></system-err>
</testsuite>
